{"/Users/macbook/Desktop/Sampurna/Test1/utils.js": {"path":"/Users/macbook/Desktop/Sampurna/Test1/utils.js","statementMap":{"0":{"start":{"line":1,"column":15},"end":{"line":5,"column":1}},"1":{"start":{"line":7,"column":22},"end":{"line":13,"column":1}},"2":{"start":{"line":16,"column":20},"end":{"line":16,"column":21}},"3":{"start":{"line":18,"column":4},"end":{"line":25,"column":5}},"4":{"start":{"line":19,"column":8},"end":{"line":24,"column":9}},"5":{"start":{"line":20,"column":12},"end":{"line":20,"column":52}},"6":{"start":{"line":21,"column":12},"end":{"line":21,"column":25}},"7":{"start":{"line":23,"column":12},"end":{"line":23,"column":68}},"8":{"start":{"line":27,"column":4},"end":{"line":27,"column":21}},"9":{"start":{"line":31,"column":4},"end":{"line":34,"column":5}},"10":{"start":{"line":32,"column":8},"end":{"line":32,"column":56}},"11":{"start":{"line":33,"column":7},"end":{"line":33,"column":16}},"12":{"start":{"line":35,"column":4},"end":{"line":35,"column":13}},"13":{"start":{"line":39,"column":20},"end":{"line":39,"column":55}},"14":{"start":{"line":41,"column":4},"end":{"line":44,"column":5}},"15":{"start":{"line":42,"column":8},"end":{"line":42,"column":64}},"16":{"start":{"line":43,"column":8},"end":{"line":43,"column":21}},"17":{"start":{"line":46,"column":4},"end":{"line":46,"column":21}},"18":{"start":{"line":49,"column":0},"end":{"line":49,"column":70}}},"fnMap":{"0":{"name":"checkCoinInputs","decl":{"start":{"line":15,"column":9},"end":{"line":15,"column":24}},"loc":{"start":{"line":15,"column":33},"end":{"line":28,"column":1}},"line":15},"1":{"name":"checkSnackSelection","decl":{"start":{"line":30,"column":9},"end":{"line":30,"column":28}},"loc":{"start":{"line":30,"column":37},"end":{"line":36,"column":1}},"line":30},"2":{"name":"checkEnough","decl":{"start":{"line":38,"column":9},"end":{"line":38,"column":20}},"loc":{"start":{"line":38,"column":39},"end":{"line":47,"column":1}},"line":38}},"branchMap":{"0":{"loc":{"start":{"line":19,"column":8},"end":{"line":24,"column":9}},"type":"if","locations":[{"start":{"line":19,"column":8},"end":{"line":24,"column":9}},{"start":{"line":22,"column":15},"end":{"line":24,"column":9}}],"line":19},"1":{"loc":{"start":{"line":31,"column":4},"end":{"line":34,"column":5}},"type":"if","locations":[{"start":{"line":31,"column":4},"end":{"line":34,"column":5}},{"start":{},"end":{}}],"line":31},"2":{"loc":{"start":{"line":31,"column":8},"end":{"line":31,"column":32}},"type":"binary-expr","locations":[{"start":{"line":31,"column":8},"end":{"line":31,"column":18}},{"start":{"line":31,"column":22},"end":{"line":31,"column":32}}],"line":31},"3":{"loc":{"start":{"line":41,"column":4},"end":{"line":44,"column":5}},"type":"if","locations":[{"start":{"line":41,"column":4},"end":{"line":44,"column":5}},{"start":{},"end":{}}],"line":41}},"s":{"0":1,"1":1,"2":3,"3":3,"4":12,"5":1,"6":1,"7":11,"8":2,"9":2,"10":1,"11":1,"12":1,"13":3,"14":3,"15":1,"16":1,"17":2,"18":1},"f":{"0":3,"1":2,"2":3},"b":{"0":[1,11],"1":[1,1],"2":[2,1],"3":[1,2]},"_coverageSchema":"1a1c01bbd47fc00a2c39e90264f33305004495a9","hash":"4fea6b51365bf34479b6d9b307aa9056099580e0"}
}
